{"timestamp":"2026-02-16T14:58:13.793985Z","level":"info","event":"DAG bundles loaded: dags-folder","logger":"airflow.dag_processing.bundles.manager.DagBundlesManager","filename":"manager.py","lineno":179}
{"timestamp":"2026-02-16T14:58:13.794435Z","level":"info","event":"Filling up the DagBag from /opt/airflow/dags/extract_flight_schedule_bronze.py","logger":"airflow.models.dagbag.BundleDagBag","filename":"dagbag.py","lineno":593}
{"timestamp":"2026-02-16T14:58:13.823316Z","level":"info","event":"total 16","logger":"task.stdout"}
{"timestamp":"2026-02-16T14:58:13.823441Z","level":"info","event":"drwxr-xr-x 2 root root 4096 Feb  7 21:18 plugins","logger":"task.stdout"}
{"timestamp":"2026-02-16T14:58:13.823507Z","level":"info","event":"drwxrwxrwx 2 root root 4096 Feb  8 12:59 config","logger":"task.stdout"}
{"timestamp":"2026-02-16T14:58:13.823556Z","level":"info","event":"drwxr-xr-x 3 root root 4096 Feb 16 14:24 dags","logger":"task.stdout"}
{"timestamp":"2026-02-16T14:58:13.823603Z","level":"info","event":"drwxr-xr-x 6 root root 4096 Feb 16 14:51 logs","logger":"task.stdout"}
{"timestamp":"2026-02-16T14:58:13.823649Z","level":"info","event":" 0","logger":"task.stdout"}
{"timestamp":"2026-02-16T14:58:13.825008Z","level":"info","event":"total 16","logger":"task.stdout"}
{"timestamp":"2026-02-16T14:58:13.825136Z","level":"info","event":"drwxr-xr-x 2 root root 4096 Feb  7 21:18 plugins","logger":"task.stdout"}
{"timestamp":"2026-02-16T14:58:13.825192Z","level":"info","event":"drwxrwxrwx 2 root root 4096 Feb  8 12:59 config","logger":"task.stdout"}
{"timestamp":"2026-02-16T14:58:13.825245Z","level":"info","event":"drwxr-xr-x 3 root root 4096 Feb 16 14:24 dags","logger":"task.stdout"}
{"timestamp":"2026-02-16T14:58:13.825292Z","level":"info","event":"drwxr-xr-x 6 root root 4096 Feb 16 14:51 logs","logger":"task.stdout"}
{"timestamp":"2026-02-16T14:58:13.825338Z","level":"info","event":" 0","logger":"task.stdout"}
{"timestamp":"2026-02-16T14:58:13.826646Z","level":"info","event":"total 16","logger":"task.stdout"}
{"timestamp":"2026-02-16T14:58:13.826768Z","level":"info","event":"drwxr-xr-x 2 root root 4096 Feb  7 21:18 plugins","logger":"task.stdout"}
{"timestamp":"2026-02-16T14:58:13.826829Z","level":"info","event":"drwxrwxrwx 2 root root 4096 Feb  8 12:59 config","logger":"task.stdout"}
{"timestamp":"2026-02-16T14:58:13.826882Z","level":"info","event":"drwxr-xr-x 3 root root 4096 Feb 16 14:24 dags","logger":"task.stdout"}
{"timestamp":"2026-02-16T14:58:13.826931Z","level":"info","event":"drwxr-xr-x 6 root root 4096 Feb 16 14:51 logs","logger":"task.stdout"}
{"timestamp":"2026-02-16T14:58:13.826979Z","level":"info","event":" 0","logger":"task.stdout"}
{"timestamp":"2026-02-16T14:58:13.828274Z","level":"info","event":"total 16","logger":"task.stdout"}
{"timestamp":"2026-02-16T14:58:13.828362Z","level":"info","event":"drwxr-xr-x 2 root root 4096 Feb  7 21:18 plugins","logger":"task.stdout"}
{"timestamp":"2026-02-16T14:58:13.828418Z","level":"info","event":"drwxrwxrwx 2 root root 4096 Feb  8 12:59 config","logger":"task.stdout"}
{"timestamp":"2026-02-16T14:58:13.828467Z","level":"info","event":"drwxr-xr-x 3 root root 4096 Feb 16 14:24 dags","logger":"task.stdout"}
{"timestamp":"2026-02-16T14:58:13.828514Z","level":"info","event":"drwxr-xr-x 6 root root 4096 Feb 16 14:51 logs","logger":"task.stdout"}
{"timestamp":"2026-02-16T14:58:13.828561Z","level":"info","event":" 0","logger":"task.stdout"}
{"timestamp":"2026-02-16T14:58:13.829840Z","level":"info","event":"total 16","logger":"task.stdout"}
{"timestamp":"2026-02-16T14:58:13.829941Z","level":"info","event":"drwxr-xr-x 2 root root 4096 Feb  7 21:18 plugins","logger":"task.stdout"}
{"timestamp":"2026-02-16T14:58:13.830008Z","level":"info","event":"drwxrwxrwx 2 root root 4096 Feb  8 12:59 config","logger":"task.stdout"}
{"timestamp":"2026-02-16T14:58:13.830076Z","level":"info","event":"drwxr-xr-x 3 root root 4096 Feb 16 14:24 dags","logger":"task.stdout"}
{"timestamp":"2026-02-16T14:58:13.830133Z","level":"info","event":"drwxr-xr-x 6 root root 4096 Feb 16 14:51 logs","logger":"task.stdout"}
{"timestamp":"2026-02-16T14:58:13.830199Z","level":"info","event":" 0","logger":"task.stdout"}
{"timestamp":"2026-02-16T14:58:13.831188Z","level":"info","event":"total 16","logger":"task.stdout"}
{"timestamp":"2026-02-16T14:58:13.831257Z","level":"info","event":"drwxr-xr-x 2 root root 4096 Feb  7 21:18 plugins","logger":"task.stdout"}
{"timestamp":"2026-02-16T14:58:13.831290Z","level":"info","event":"drwxrwxrwx 2 root root 4096 Feb  8 12:59 config","logger":"task.stdout"}
{"timestamp":"2026-02-16T14:58:13.831315Z","level":"info","event":"drwxr-xr-x 3 root root 4096 Feb 16 14:24 dags","logger":"task.stdout"}
{"timestamp":"2026-02-16T14:58:13.831336Z","level":"info","event":"drwxr-xr-x 6 root root 4096 Feb 16 14:51 logs","logger":"task.stdout"}
{"timestamp":"2026-02-16T14:58:13.831358Z","level":"info","event":" 0","logger":"task.stdout"}
{"timestamp":"2026-02-16T14:58:13.833238Z","level":"info","event":"total 16","logger":"task.stdout"}
{"timestamp":"2026-02-16T14:58:13.833363Z","level":"info","event":"drwxr-xr-x 2 root root 4096 Feb  7 21:18 plugins","logger":"task.stdout"}
{"timestamp":"2026-02-16T14:58:13.833459Z","level":"info","event":"drwxrwxrwx 2 root root 4096 Feb  8 12:59 config","logger":"task.stdout"}
{"timestamp":"2026-02-16T14:58:13.833533Z","level":"info","event":"drwxr-xr-x 3 root root 4096 Feb 16 14:24 dags","logger":"task.stdout"}
{"timestamp":"2026-02-16T14:58:13.833603Z","level":"info","event":"drwxr-xr-x 6 root root 4096 Feb 16 14:51 logs","logger":"task.stdout"}
{"timestamp":"2026-02-16T14:58:13.833671Z","level":"info","event":" 0","logger":"task.stdout"}
{"timestamp":"2026-02-16T14:58:13.835758Z","level":"info","event":"total 16","logger":"task.stdout"}
{"timestamp":"2026-02-16T14:58:13.835913Z","level":"info","event":"drwxr-xr-x 2 root root 4096 Feb  7 21:18 plugins","logger":"task.stdout"}
{"timestamp":"2026-02-16T14:58:13.836012Z","level":"info","event":"drwxrwxrwx 2 root root 4096 Feb  8 12:59 config","logger":"task.stdout"}
{"timestamp":"2026-02-16T14:58:13.836114Z","level":"info","event":"drwxr-xr-x 3 root root 4096 Feb 16 14:24 dags","logger":"task.stdout"}
{"timestamp":"2026-02-16T14:58:13.836201Z","level":"info","event":"drwxr-xr-x 6 root root 4096 Feb 16 14:51 logs","logger":"task.stdout"}
{"timestamp":"2026-02-16T14:58:13.836284Z","level":"info","event":" 0","logger":"task.stdout"}
{"timestamp":"2026-02-16T14:58:13.838321Z","level":"info","event":"total 16","logger":"task.stdout"}
{"timestamp":"2026-02-16T14:58:13.838440Z","level":"info","event":"drwxr-xr-x 2 root root 4096 Feb  7 21:18 plugins","logger":"task.stdout"}
{"timestamp":"2026-02-16T14:58:13.838490Z","level":"info","event":"drwxrwxrwx 2 root root 4096 Feb  8 12:59 config","logger":"task.stdout"}
{"timestamp":"2026-02-16T14:58:13.838530Z","level":"info","event":"drwxr-xr-x 3 root root 4096 Feb 16 14:24 dags","logger":"task.stdout"}
{"timestamp":"2026-02-16T14:58:13.838565Z","level":"info","event":"drwxr-xr-x 6 root root 4096 Feb 16 14:51 logs","logger":"task.stdout"}
{"timestamp":"2026-02-16T14:58:13.838600Z","level":"info","event":" 0","logger":"task.stdout"}
{"timestamp":"2026-02-16T14:58:13.841099Z","level":"info","event":"total 16","logger":"task.stdout"}
{"timestamp":"2026-02-16T14:58:13.841239Z","level":"info","event":"drwxr-xr-x 2 root root 4096 Feb  7 21:18 plugins","logger":"task.stdout"}
{"timestamp":"2026-02-16T14:58:13.841298Z","level":"info","event":"drwxrwxrwx 2 root root 4096 Feb  8 12:59 config","logger":"task.stdout"}
{"timestamp":"2026-02-16T14:58:13.841344Z","level":"info","event":"drwxr-xr-x 3 root root 4096 Feb 16 14:24 dags","logger":"task.stdout"}
{"timestamp":"2026-02-16T14:58:13.841385Z","level":"info","event":"drwxr-xr-x 6 root root 4096 Feb 16 14:51 logs","logger":"task.stdout"}
{"timestamp":"2026-02-16T14:58:13.841424Z","level":"info","event":" 0","logger":"task.stdout"}
{"timestamp":"2026-02-16T14:58:13.843776Z","level":"info","event":"total 16","logger":"task.stdout"}
{"timestamp":"2026-02-16T14:58:13.843925Z","level":"info","event":"drwxr-xr-x 2 root root 4096 Feb  7 21:18 plugins","logger":"task.stdout"}
{"timestamp":"2026-02-16T14:58:13.844001Z","level":"info","event":"drwxrwxrwx 2 root root 4096 Feb  8 12:59 config","logger":"task.stdout"}
{"timestamp":"2026-02-16T14:58:13.844071Z","level":"info","event":"drwxr-xr-x 3 root root 4096 Feb 16 14:24 dags","logger":"task.stdout"}
{"timestamp":"2026-02-16T14:58:13.844115Z","level":"info","event":"drwxr-xr-x 6 root root 4096 Feb 16 14:51 logs","logger":"task.stdout"}
{"timestamp":"2026-02-16T14:58:13.844156Z","level":"info","event":" 0","logger":"task.stdout"}
{"timestamp":"2026-02-16T14:58:13.843717Z","level":"info","event":"Done. Returned value was: None","logger":"airflow.task.operators.airflow.providers.standard.decorators.python._PythonDecoratedOperator","filename":"python.py","lineno":230}
